This file contains any messages produced by compilers while
running configure, to aid debugging if configure makes a mistake.

It was created by configure, which was
generated by GNU Autoconf 2.59.  Invocation command line was

  $ ./configure 

## --------- ##
## Platform. ##
## --------- ##

hostname = laoshi
uname -m = i686
uname -r = 2.6.12.3
uname -s = Linux
uname -v = #1 Sun Jul 31 23:51:11 CEST 2005

/usr/bin/uname -p = unknown
/bin/uname -X     = unknown

/bin/arch              = i686
/usr/bin/arch -k       = unknown
/usr/convex/getsysinfo = unknown
hostinfo               = unknown
/bin/machine           = unknown
/usr/bin/oslevel       = unknown
/bin/universe          = unknown

PATH: /usr/local/bin
PATH: /usr/bin
PATH: /bin
PATH: /usr/bin/X11
PATH: /usr/games


## ----------- ##
## Core tests. ##
## ----------- ##

configure:1561: checking for a BSD-compatible install
configure:1616: result: /usr/bin/install -c
configure:1627: checking whether build environment is sane
configure:1670: result: yes
configure:1685: checking whether make sets $(MAKE)
configure:1705: result: yes
configure:1737: checking for working aclocal-1.4
configure:1744: result: found
configure:1752: checking for working autoconf
configure:1759: result: found
configure:1767: checking for working automake-1.4
configure:1774: result: found
configure:1782: checking for working autoheader
configure:1789: result: found
configure:1797: checking for working makeinfo
configure:1804: result: found
configure:1865: checking for gcc
configure:1881: found /usr/bin/gcc
configure:1891: result: gcc
configure:2135: checking for C compiler version
configure:2138: gcc --version </dev/null >&5
gcc (GCC) 4.0.2 20050725 (prerelease) (Debian 4.0.1-3)
Copyright (C) 2005 Free Software Foundation, Inc.
This is free software; see the source for copying conditions.  There is NO
warranty; not even for MERCHANTABILITY or FITNESS FOR A PARTICULAR PURPOSE.

configure:2141: $? = 0
configure:2143: gcc -v </dev/null >&5
Using built-in specs.
Target: i486-linux-gnu
Configured with: ../src/configure -v --enable-languages=c,c++,java,f95,objc,ada,treelang --prefix=/usr --enable-shared --with-system-zlib --libexecdir=/usr/lib --enable-nls --without-included-gettext --enable-threads=posix --program-suffix=-4.0 --enable-__cxa_atexit --enable-libstdcxx-allocator=mt --enable-clocale=gnu --enable-libstdcxx-debug --enable-java-gc=boehm --enable-java-awt=gtk --enable-gtk-cairo --with-java-home=/usr/lib/jvm/java-1.4.2-gcj-4.0-1.4.2.0/jre --enable-mpfr --disable-werror --enable-checking=release i486-linux-gnu
Thread model: posix
gcc version 4.0.2 20050725 (prerelease) (Debian 4.0.1-3)
configure:2146: $? = 0
configure:2148: gcc -V </dev/null >&5
gcc: '-V' option must have argument
configure:2151: $? = 1
configure:2174: checking for C compiler default output file name
configure:2177: gcc    conftest.c  >&5
configure:2180: $? = 0
configure:2226: result: a.out
configure:2231: checking whether the C compiler works
configure:2237: ./a.out
configure:2240: $? = 0
configure:2257: result: yes
configure:2264: checking whether we are cross compiling
configure:2266: result: no
configure:2269: checking for suffix of executables
configure:2271: gcc -o conftest    conftest.c  >&5
configure:2274: $? = 0
configure:2299: result: 
configure:2305: checking for suffix of object files
configure:2326: gcc -c   conftest.c >&5
configure:2329: $? = 0
configure:2351: result: o
configure:2355: checking whether we are using the GNU C compiler
configure:2379: gcc -c   conftest.c >&5
configure:2385: $? = 0
configure:2388: test -z 			 || test ! -s conftest.err
configure:2391: $? = 0
configure:2394: test -s conftest.o
configure:2397: $? = 0
configure:2410: result: yes
configure:2416: checking whether gcc accepts -g
configure:2437: gcc -c -g  conftest.c >&5
configure:2443: $? = 0
configure:2446: test -z 			 || test ! -s conftest.err
configure:2449: $? = 0
configure:2452: test -s conftest.o
configure:2455: $? = 0
configure:2466: result: yes
configure:2483: checking for gcc option to accept ANSI C
configure:2553: gcc  -c -g -O2  conftest.c >&5
configure:2559: $? = 0
configure:2562: test -z 			 || test ! -s conftest.err
configure:2565: $? = 0
configure:2568: test -s conftest.o
configure:2571: $? = 0
configure:2589: result: none needed
configure:2607: gcc -c -g -O2  conftest.c >&5
conftest.c:2: error: syntax error before 'me'
configure:2613: $? = 1
configure: failed program was:
| #ifndef __cplusplus
|   choke me
| #endif
configure:2745: checking for strerror in -lcposix
configure:2775: gcc -o conftest -g -O2   conftest.c -lcposix   >&5
/usr/bin/ld: cannot find -lcposix
collect2: ld returned 1 exit status
configure:2781: $? = 1
configure: failed program was:
| /* confdefs.h.  */
| 
| #define PACKAGE_NAME ""
| #define PACKAGE_TARNAME ""
| #define PACKAGE_VERSION ""
| #define PACKAGE_STRING ""
| #define PACKAGE_BUGREPORT ""
| #define PACKAGE "gkey"
| #define VERSION "0.1"
| /* end confdefs.h.  */
| 
| /* Override any gcc2 internal prototype to avoid an error.  */
| #ifdef __cplusplus
| extern "C"
| #endif
| /* We use char because int might match the return type of a gcc2
|    builtin and then its argument prototype would still apply.  */
| char strerror ();
| int
| main ()
| {
| strerror ();
|   ;
|   return 0;
| }
configure:2806: result: no
configure:2860: checking for gcc
configure:2886: result: gcc
configure:3130: checking for C compiler version
configure:3133: gcc --version </dev/null >&5
gcc (GCC) 4.0.2 20050725 (prerelease) (Debian 4.0.1-3)
Copyright (C) 2005 Free Software Foundation, Inc.
This is free software; see the source for copying conditions.  There is NO
warranty; not even for MERCHANTABILITY or FITNESS FOR A PARTICULAR PURPOSE.

configure:3136: $? = 0
configure:3138: gcc -v </dev/null >&5
Using built-in specs.
Target: i486-linux-gnu
Configured with: ../src/configure -v --enable-languages=c,c++,java,f95,objc,ada,treelang --prefix=/usr --enable-shared --with-system-zlib --libexecdir=/usr/lib --enable-nls --without-included-gettext --enable-threads=posix --program-suffix=-4.0 --enable-__cxa_atexit --enable-libstdcxx-allocator=mt --enable-clocale=gnu --enable-libstdcxx-debug --enable-java-gc=boehm --enable-java-awt=gtk --enable-gtk-cairo --with-java-home=/usr/lib/jvm/java-1.4.2-gcj-4.0-1.4.2.0/jre --enable-mpfr --disable-werror --enable-checking=release i486-linux-gnu
Thread model: posix
gcc version 4.0.2 20050725 (prerelease) (Debian 4.0.1-3)
configure:3141: $? = 0
configure:3143: gcc -V </dev/null >&5
gcc: '-V' option must have argument
configure:3146: $? = 1
configure:3149: checking whether we are using the GNU C compiler
configure:3204: result: yes
configure:3210: checking whether gcc accepts -g
configure:3260: result: yes
configure:3277: checking for gcc option to accept ANSI C
configure:3383: result: none needed
configure:3401: gcc -c -g -O2  conftest.c >&5
conftest.c:2: error: syntax error before 'me'
configure:3407: $? = 1
configure: failed program was:
| #ifndef __cplusplus
|   choke me
| #endif
configure:3540: checking for gcc option to accept ANSI C
configure:3602: gcc  -c -g -O2  conftest.c >&5
configure:3608: $? = 0
configure:3611: test -z 			 || test ! -s conftest.err
configure:3614: $? = 0
configure:3617: test -s conftest.o
configure:3620: $? = 0
configure:3635: result: none needed
configure:3651: checking how to run the C preprocessor
configure:3686: gcc -E  conftest.c
configure:3692: $? = 0
configure:3724: gcc -E  conftest.c
conftest.c:11:28: error: ac_nonexistent.h: No such file or directory
configure:3730: $? = 1
configure: failed program was:
| /* confdefs.h.  */
| 
| #define PACKAGE_NAME ""
| #define PACKAGE_TARNAME ""
| #define PACKAGE_VERSION ""
| #define PACKAGE_STRING ""
| #define PACKAGE_BUGREPORT ""
| #define PACKAGE "gkey"
| #define VERSION "0.1"
| /* end confdefs.h.  */
| #include <ac_nonexistent.h>
configure:3769: result: gcc -E
configure:3793: gcc -E  conftest.c
configure:3799: $? = 0
configure:3831: gcc -E  conftest.c
conftest.c:11:28: error: ac_nonexistent.h: No such file or directory
configure:3837: $? = 1
configure: failed program was:
| /* confdefs.h.  */
| 
| #define PACKAGE_NAME ""
| #define PACKAGE_TARNAME ""
| #define PACKAGE_VERSION ""
| #define PACKAGE_STRING ""
| #define PACKAGE_BUGREPORT ""
| #define PACKAGE "gkey"
| #define VERSION "0.1"
| /* end confdefs.h.  */
| #include <ac_nonexistent.h>
configure:3881: checking for egrep
configure:3891: result: grep -E
configure:3896: checking for ANSI C header files
configure:3921: gcc -c -g -O2  conftest.c >&5
configure:3927: $? = 0
configure:3930: test -z 			 || test ! -s conftest.err
configure:3933: $? = 0
configure:3936: test -s conftest.o
configure:3939: $? = 0
configure:4028: gcc -o conftest -g -O2   conftest.c  >&5
conftest.c: In function 'main':
conftest.c:28: warning: incompatible implicit declaration of built-in function 'exit'
configure:4031: $? = 0
configure:4033: ./conftest
configure:4036: $? = 0
configure:4051: result: yes
configure:4140: checking build system type
configure:4158: result: i686-pc-linux-gnu
configure:4166: checking host system type
configure:4180: result: i686-pc-linux-gnu
configure:4188: checking for a sed that does not truncate output
configure:4242: result: /bin/sed
configure:4256: checking for ld used by gcc
configure:4323: result: /usr/bin/ld
configure:4332: checking if the linker (/usr/bin/ld) is GNU ld
configure:4347: result: yes
configure:4352: checking for /usr/bin/ld option to reload object files
configure:4359: result: -r
configure:4368: checking for BSD-compatible nm
configure:4410: result: /usr/bin/nm -B
configure:4414: checking whether ln -s works
configure:4418: result: yes
configure:4425: checking how to recognise dependent libraries
configure:4599: result: pass_all
configure:4820: checking for sys/types.h
configure:4836: gcc -c -g -O2  conftest.c >&5
configure:4842: $? = 0
configure:4845: test -z 			 || test ! -s conftest.err
configure:4848: $? = 0
configure:4851: test -s conftest.o
configure:4854: $? = 0
configure:4865: result: yes
configure:4820: checking for sys/stat.h
configure:4836: gcc -c -g -O2  conftest.c >&5
configure:4842: $? = 0
configure:4845: test -z 			 || test ! -s conftest.err
configure:4848: $? = 0
configure:4851: test -s conftest.o
configure:4854: $? = 0
configure:4865: result: yes
configure:4820: checking for stdlib.h
configure:4836: gcc -c -g -O2  conftest.c >&5
configure:4842: $? = 0
configure:4845: test -z 			 || test ! -s conftest.err
configure:4848: $? = 0
configure:4851: test -s conftest.o
configure:4854: $? = 0
configure:4865: result: yes
configure:4820: checking for string.h
configure:4836: gcc -c -g -O2  conftest.c >&5
configure:4842: $? = 0
configure:4845: test -z 			 || test ! -s conftest.err
configure:4848: $? = 0
configure:4851: test -s conftest.o
configure:4854: $? = 0
configure:4865: result: yes
configure:4820: checking for memory.h
configure:4836: gcc -c -g -O2  conftest.c >&5
configure:4842: $? = 0
configure:4845: test -z 			 || test ! -s conftest.err
configure:4848: $? = 0
configure:4851: test -s conftest.o
configure:4854: $? = 0
configure:4865: result: yes
configure:4820: checking for strings.h
configure:4836: gcc -c -g -O2  conftest.c >&5
configure:4842: $? = 0
configure:4845: test -z 			 || test ! -s conftest.err
configure:4848: $? = 0
configure:4851: test -s conftest.o
configure:4854: $? = 0
configure:4865: result: yes
configure:4820: checking for inttypes.h
configure:4836: gcc -c -g -O2  conftest.c >&5
configure:4842: $? = 0
configure:4845: test -z 			 || test ! -s conftest.err
configure:4848: $? = 0
configure:4851: test -s conftest.o
configure:4854: $? = 0
configure:4865: result: yes
configure:4820: checking for stdint.h
configure:4836: gcc -c -g -O2  conftest.c >&5
configure:4842: $? = 0
configure:4845: test -z 			 || test ! -s conftest.err
configure:4848: $? = 0
configure:4851: test -s conftest.o
configure:4854: $? = 0
configure:4865: result: yes
configure:4820: checking for unistd.h
configure:4836: gcc -c -g -O2  conftest.c >&5
configure:4842: $? = 0
configure:4845: test -z 			 || test ! -s conftest.err
configure:4848: $? = 0
configure:4851: test -s conftest.o
configure:4854: $? = 0
configure:4865: result: yes
configure:4891: checking dlfcn.h usability
configure:4903: gcc -c -g -O2  conftest.c >&5
configure:4909: $? = 0
configure:4912: test -z 			 || test ! -s conftest.err
configure:4915: $? = 0
configure:4918: test -s conftest.o
configure:4921: $? = 0
configure:4931: result: yes
configure:4935: checking dlfcn.h presence
configure:4945: gcc -E  conftest.c
configure:4951: $? = 0
configure:4971: result: yes
configure:5006: checking for dlfcn.h
configure:5013: result: yes
configure:5078: checking for g++
configure:5094: found /usr/bin/g++
configure:5104: result: g++
configure:5120: checking for C++ compiler version
configure:5123: g++ --version </dev/null >&5
g++ (GCC) 4.0.2 20050725 (prerelease) (Debian 4.0.1-3)
Copyright (C) 2005 Free Software Foundation, Inc.
This is free software; see the source for copying conditions.  There is NO
warranty; not even for MERCHANTABILITY or FITNESS FOR A PARTICULAR PURPOSE.

configure:5126: $? = 0
configure:5128: g++ -v </dev/null >&5
Using built-in specs.
Target: i486-linux-gnu
Configured with: ../src/configure -v --enable-languages=c,c++,java,f95,objc,ada,treelang --prefix=/usr --enable-shared --with-system-zlib --libexecdir=/usr/lib --enable-nls --without-included-gettext --enable-threads=posix --program-suffix=-4.0 --enable-__cxa_atexit --enable-libstdcxx-allocator=mt --enable-clocale=gnu --enable-libstdcxx-debug --enable-java-gc=boehm --enable-java-awt=gtk --enable-gtk-cairo --with-java-home=/usr/lib/jvm/java-1.4.2-gcj-4.0-1.4.2.0/jre --enable-mpfr --disable-werror --enable-checking=release i486-linux-gnu
Thread model: posix
gcc version 4.0.2 20050725 (prerelease) (Debian 4.0.1-3)
configure:5131: $? = 0
configure:5133: g++ -V </dev/null >&5
g++: '-V' option must have argument
configure:5136: $? = 1
configure:5139: checking whether we are using the GNU C++ compiler
configure:5163: g++ -c   conftest.cc >&5
configure:5169: $? = 0
configure:5172: test -z 			 || test ! -s conftest.err
configure:5175: $? = 0
configure:5178: test -s conftest.o
configure:5181: $? = 0
configure:5194: result: yes
configure:5200: checking whether g++ accepts -g
configure:5221: g++ -c -g  conftest.cc >&5
configure:5227: $? = 0
configure:5230: test -z 			 || test ! -s conftest.err
configure:5233: $? = 0
configure:5236: test -s conftest.o
configure:5239: $? = 0
configure:5250: result: yes
configure:5292: g++ -c -g -O2  conftest.cc >&5
configure:5298: $? = 0
configure:5301: test -z 			 || test ! -s conftest.err
configure:5304: $? = 0
configure:5307: test -s conftest.o
configure:5310: $? = 0
configure:5336: g++ -c -g -O2  conftest.cc >&5
conftest.cc: In function 'int main()':
conftest.cc:26: error: 'exit' was not declared in this scope
configure:5342: $? = 1
configure: failed program was:
| /* confdefs.h.  */
| 
| #define PACKAGE_NAME ""
| #define PACKAGE_TARNAME ""
| #define PACKAGE_VERSION ""
| #define PACKAGE_STRING ""
| #define PACKAGE_BUGREPORT ""
| #define PACKAGE "gkey"
| #define VERSION "0.1"
| #define STDC_HEADERS 1
| #define HAVE_SYS_TYPES_H 1
| #define HAVE_SYS_STAT_H 1
| #define HAVE_STDLIB_H 1
| #define HAVE_STRING_H 1
| #define HAVE_MEMORY_H 1
| #define HAVE_STRINGS_H 1
| #define HAVE_INTTYPES_H 1
| #define HAVE_STDINT_H 1
| #define HAVE_UNISTD_H 1
| #define HAVE_DLFCN_H 1
| /* end confdefs.h.  */
| 
| int
| main ()
| {
| exit (42);
|   ;
|   return 0;
| }
configure:5292: g++ -c -g -O2  conftest.cc >&5
configure:5298: $? = 0
configure:5301: test -z 			 || test ! -s conftest.err
configure:5304: $? = 0
configure:5307: test -s conftest.o
configure:5310: $? = 0
configure:5336: g++ -c -g -O2  conftest.cc >&5
configure:5342: $? = 0
configure:5345: test -z 			 || test ! -s conftest.err
configure:5348: $? = 0
configure:5351: test -s conftest.o
configure:5354: $? = 0
configure:5382: checking how to run the C++ preprocessor
configure:5413: g++ -E  conftest.cc
configure:5419: $? = 0
configure:5451: g++ -E  conftest.cc
conftest.cc:25:28: error: ac_nonexistent.h: No such file or directory
configure:5457: $? = 1
configure: failed program was:
| /* confdefs.h.  */
| 
| #define PACKAGE_NAME ""
| #define PACKAGE_TARNAME ""
| #define PACKAGE_VERSION ""
| #define PACKAGE_STRING ""
| #define PACKAGE_BUGREPORT ""
| #define PACKAGE "gkey"
| #define VERSION "0.1"
| #define STDC_HEADERS 1
| #define HAVE_SYS_TYPES_H 1
| #define HAVE_SYS_STAT_H 1
| #define HAVE_STDLIB_H 1
| #define HAVE_STRING_H 1
| #define HAVE_MEMORY_H 1
| #define HAVE_STRINGS_H 1
| #define HAVE_INTTYPES_H 1
| #define HAVE_STDINT_H 1
| #define HAVE_UNISTD_H 1
| #define HAVE_DLFCN_H 1
| #ifdef __cplusplus
| extern "C" void std::exit (int) throw (); using std::exit;
| #endif
| /* end confdefs.h.  */
| #include <ac_nonexistent.h>
configure:5496: result: g++ -E
configure:5520: g++ -E  conftest.cc
configure:5526: $? = 0
configure:5558: g++ -E  conftest.cc
conftest.cc:25:28: error: ac_nonexistent.h: No such file or directory
configure:5564: $? = 1
configure: failed program was:
| /* confdefs.h.  */
| 
| #define PACKAGE_NAME ""
| #define PACKAGE_TARNAME ""
| #define PACKAGE_VERSION ""
| #define PACKAGE_STRING ""
| #define PACKAGE_BUGREPORT ""
| #define PACKAGE "gkey"
| #define VERSION "0.1"
| #define STDC_HEADERS 1
| #define HAVE_SYS_TYPES_H 1
| #define HAVE_SYS_STAT_H 1
| #define HAVE_STDLIB_H 1
| #define HAVE_STRING_H 1
| #define HAVE_MEMORY_H 1
| #define HAVE_STRINGS_H 1
| #define HAVE_INTTYPES_H 1
| #define HAVE_STDINT_H 1
| #define HAVE_UNISTD_H 1
| #define HAVE_DLFCN_H 1
| #ifdef __cplusplus
| extern "C" void std::exit (int) throw (); using std::exit;
| #endif
| /* end confdefs.h.  */
| #include <ac_nonexistent.h>
configure:5659: checking for g77
configure:5688: result: no
configure:5659: checking for f77
configure:5688: result: no
configure:5659: checking for xlf
configure:5688: result: no
configure:5659: checking for frt
configure:5688: result: no
configure:5659: checking for pgf77
configure:5688: result: no
configure:5659: checking for fort77
configure:5688: result: no
configure:5659: checking for fl32
configure:5688: result: no
configure:5659: checking for af77
configure:5688: result: no
configure:5659: checking for f90
configure:5688: result: no
configure:5659: checking for xlf90
configure:5688: result: no
configure:5659: checking for pgf90
configure:5688: result: no
configure:5659: checking for epcf90
configure:5688: result: no
configure:5659: checking for f95
configure:5688: result: no
configure:5659: checking for fort
configure:5688: result: no
configure:5659: checking for xlf95
configure:5688: result: no
configure:5659: checking for ifc
configure:5688: result: no
configure:5659: checking for efc
configure:5688: result: no
configure:5659: checking for pgf95
configure:5688: result: no
configure:5659: checking for lf95
configure:5688: result: no
configure:5659: checking for gfortran
configure:5688: result: no
configure:5700: checking for Fortran 77 compiler version
configure:5703:  --version </dev/null >&5
./configure: line 5704: --version: command not found
configure:5706: $? = 127
configure:5708:  -v </dev/null >&5
./configure: line 5709: -v: command not found
configure:5711: $? = 127
configure:5713:  -V </dev/null >&5
./configure: line 5714: -V: command not found
configure:5716: $? = 127
configure:5724: checking whether we are using the GNU Fortran 77 compiler
configure:5738:  -c  conftest.F >&5
./configure: line 5739: -c: command not found
configure:5744: $? = 127
configure: failed program was:
|       program main
| #ifndef __GNUC__
|        choke me
| #endif
| 
|       end
configure:5769: result: no
configure:5775: checking whether  accepts -g
configure:5787:  -c -g conftest.f >&5
./configure: line 5788: -c: command not found
configure:5793: $? = 127
configure: failed program was:
|       program main
| 
|       end
configure:5817: result: no
configure:5847: checking the maximum length of command line arguments
configure:5912: result: 32768
configure:5923: checking command to parse /usr/bin/nm -B output from gcc object
configure:6012: gcc -c -g -O2  conftest.c >&5
configure:6015: $? = 0
configure:6019: /usr/bin/nm -B conftest.o \| sed -n -e 's/^.*[ 	]\([ABCDGIRSTW][ABCDGIRSTW]*\)[ 	][ 	]*\(\)\([_A-Za-z][_A-Za-z0-9]*\)$/\1 \2\3 \3/p' \> conftest.nm
configure:6022: $? = 0
configure:6074: gcc -o conftest -g -O2   conftest.c conftstm.o >&5
configure:6077: $? = 0
configure:6115: result: ok
configure:6119: checking for objdir
configure:6134: result: .libs
configure:6224: checking for ar
configure:6240: found /usr/bin/ar
configure:6251: result: ar
configure:6304: checking for ranlib
configure:6320: found /usr/bin/ranlib
configure:6331: result: ranlib
configure:6384: checking for strip
configure:6400: found /usr/bin/strip
configure:6411: result: strip
configure:6673: checking if gcc static flag  works
configure:6696: result: yes
configure:6714: checking if gcc supports -fno-rtti -fno-exceptions
configure:6732: gcc -c -g -O2  -fno-rtti -fno-exceptions conftest.c >&5
cc1: warning: command line option "-fno-rtti" is valid for C++/ObjC++ but not for C
configure:6736: $? = 0
configure:6747: result: no
configure:6762: checking for gcc option to produce PIC
configure:6939: result: -fPIC
configure:6947: checking if gcc PIC flag -fPIC works
configure:6965: gcc -c -g -O2  -fPIC -DPIC conftest.c >&5
configure:6969: $? = 0
configure:6980: result: yes
configure:7004: checking if gcc supports -c -o file.o
configure:7025: gcc -c -g -O2  -o out/conftest2.o conftest.c >&5
configure:7029: $? = 0
configure:7049: result: yes
configure:7075: checking whether the gcc linker (/usr/bin/ld) supports shared libraries
configure:7922: result: yes
configure:7948: checking whether -lc should be explicitly linked in
configure:7953: gcc -c -g -O2  conftest.c >&5
configure:7956: $? = 0
configure:7970: gcc -shared conftest.o  -v -Wl,-soname -Wl,conftest -o conftest 2\>\&1 \| grep  -lc  \>/dev/null 2\>\&1
configure:7973: $? = 0
configure:7985: result: no
configure:7993: checking dynamic linker characteristics
configure:8545: result: GNU/Linux ld.so
configure:8549: checking how to hardcode library paths into programs
configure:8574: result: immediate
configure:8588: checking whether stripping libraries is possible
configure:8593: result: yes
configure:9416: checking if libtool supports shared libraries
configure:9418: result: yes
configure:9421: checking whether to build shared libraries
configure:9479: result: yes
configure:9482: checking whether to build static libraries
configure:9486: result: yes
configure:9578: creating libtool
configure:10125: checking for ld used by g++
configure:10192: result: /usr/bin/ld
configure:10201: checking if the linker (/usr/bin/ld) is GNU ld
configure:10216: result: yes
configure:10267: checking whether the g++ linker (/usr/bin/ld) supports shared libraries
configure:11093: result: yes
configure:11111: g++ -c -g -O2  conftest.cc >&5
configure:11114: $? = 0
configure:11210: checking for g++ option to produce PIC
configure:11462: result: -fPIC
configure:11470: checking if g++ PIC flag -fPIC works
configure:11488: g++ -c -g -O2  -fPIC -DPIC conftest.cc >&5
configure:11492: $? = 0
configure:11503: result: yes
configure:11527: checking if g++ supports -c -o file.o
configure:11548: g++ -c -g -O2  -o out/conftest2.o conftest.cc >&5
configure:11552: $? = 0
configure:11572: result: yes
configure:11598: checking whether the g++ linker (/usr/bin/ld) supports shared libraries
configure:11626: result: yes
configure:11697: checking dynamic linker characteristics
configure:12249: result: GNU/Linux ld.so
configure:12253: checking how to hardcode library paths into programs
configure:12278: result: immediate
configure:12292: checking whether stripping libraries is possible
configure:12297: result: yes
configure:19547: checking for regcomp
configure:19604: gcc -o conftest -g -O2   conftest.c  >&5
configure:19610: $? = 0
configure:19613: test -z 			 || test ! -s conftest.err
configure:19616: $? = 0
configure:19619: test -s conftest
configure:19622: $? = 0
configure:19634: result: yes
configure:19547: checking for regexec
configure:19604: gcc -o conftest -g -O2   conftest.c  >&5
configure:19610: $? = 0
configure:19613: test -z 			 || test ! -s conftest.err
configure:19616: $? = 0
configure:19619: test -s conftest
configure:19622: $? = 0
configure:19634: result: yes
configure:19547: checking for regfree
configure:19604: gcc -o conftest -g -O2   conftest.c  >&5
configure:19610: $? = 0
configure:19613: test -z 			 || test ! -s conftest.err
configure:19616: $? = 0
configure:19619: test -s conftest
configure:19622: $? = 0
configure:19634: result: yes
configure:19650: checking for sys/types.h
configure:19655: result: yes
configure:19659: checking regex.h usability
configure:19671: gcc -c -g -O2  conftest.c >&5
configure:19677: $? = 0
configure:19680: test -z 			 || test ! -s conftest.err
configure:19683: $? = 0
configure:19686: test -s conftest.o
configure:19689: $? = 0
configure:19699: result: yes
configure:19703: checking regex.h presence
configure:19713: gcc -E  conftest.c
configure:19719: $? = 0
configure:19739: result: yes
configure:19774: checking for regex.h
configure:19781: result: yes
configure:19843: checking for pkg-config
configure:19861: found /usr/bin/pkg-config
configure:19873: result: /usr/bin/pkg-config
configure:19888: checking pkg-config is at least version 0.9.0
configure:19891: result: yes
configure:19902: checking for WNCK
configure:19907: $PKG_CONFIG --exists --print-errors "libwnck-1.0 >= 2.9.92"
configure:19910: $? = 0
configure:19921: $PKG_CONFIG --exists --print-errors "libwnck-1.0 >= 2.9.92"
configure:19924: $? = 0
configure:19945: result: yes
configure:19959: checking for PACKAGE
configure:19964: $PKG_CONFIG --exists --print-errors "gtk+-2.0 gdk-2.0 libwnck-1.0"
configure:19967: $? = 0
configure:19978: $PKG_CONFIG --exists --print-errors "gtk+-2.0 gdk-2.0 libwnck-1.0"
configure:19981: $? = 0
configure:20036: result: yes
configure:20219: creating ./config.status

## ---------------------- ##
## Running config.status. ##
## ---------------------- ##

This file was extended by config.status, which was
generated by GNU Autoconf 2.59.  Invocation command line was

  CONFIG_FILES    = 
  CONFIG_HEADERS  = 
  CONFIG_LINKS    = 
  CONFIG_COMMANDS = 
  $ ./config.status 

on laoshi

config.status:749: creating Makefile
config.status:749: creating src/Makefile
config.status:815: creating config.h
config.status:949: config.h is unchanged
config.status:1107: executing default-1 commands

## ---------------- ##
## Cache variables. ##
## ---------------- ##

ac_cv_build=i686-pc-linux-gnu
ac_cv_build_alias=i686-pc-linux-gnu
ac_cv_c_compiler_gnu=yes
ac_cv_cxx_compiler_gnu=yes
ac_cv_env_CC_set=
ac_cv_env_CC_value=
ac_cv_env_CFLAGS_set=
ac_cv_env_CFLAGS_value=
ac_cv_env_CPPFLAGS_set=
ac_cv_env_CPPFLAGS_value=
ac_cv_env_CPP_set=
ac_cv_env_CPP_value=
ac_cv_env_CXXCPP_set=
ac_cv_env_CXXCPP_value=
ac_cv_env_CXXFLAGS_set=
ac_cv_env_CXXFLAGS_value=
ac_cv_env_CXX_set=
ac_cv_env_CXX_value=
ac_cv_env_F77_set=
ac_cv_env_F77_value=
ac_cv_env_FFLAGS_set=
ac_cv_env_FFLAGS_value=
ac_cv_env_LDFLAGS_set=
ac_cv_env_LDFLAGS_value=
ac_cv_env_PACKAGE_CFLAGS_set=
ac_cv_env_PACKAGE_CFLAGS_value=
ac_cv_env_PACKAGE_LIBS_set=
ac_cv_env_PACKAGE_LIBS_value=
ac_cv_env_PKG_CONFIG_set=
ac_cv_env_PKG_CONFIG_value=
ac_cv_env_WNCK_CFLAGS_set=
ac_cv_env_WNCK_CFLAGS_value=
ac_cv_env_WNCK_LIBS_set=
ac_cv_env_WNCK_LIBS_value=
ac_cv_env_build_alias_set=
ac_cv_env_build_alias_value=
ac_cv_env_host_alias_set=
ac_cv_env_host_alias_value=
ac_cv_env_target_alias_set=
ac_cv_env_target_alias_value=
ac_cv_exeext=
ac_cv_f77_compiler_gnu=no
ac_cv_func_regcomp=yes
ac_cv_func_regexec=yes
ac_cv_func_regfree=yes
ac_cv_header_dlfcn_h=yes
ac_cv_header_inttypes_h=yes
ac_cv_header_memory_h=yes
ac_cv_header_regex_h=yes
ac_cv_header_stdc=yes
ac_cv_header_stdint_h=yes
ac_cv_header_stdlib_h=yes
ac_cv_header_string_h=yes
ac_cv_header_strings_h=yes
ac_cv_header_sys_stat_h=yes
ac_cv_header_sys_types_h=yes
ac_cv_header_unistd_h=yes
ac_cv_host=i686-pc-linux-gnu
ac_cv_host_alias=i686-pc-linux-gnu
ac_cv_lib_cposix_strerror=no
ac_cv_objext=o
ac_cv_path_ac_pt_PKG_CONFIG=/usr/bin/pkg-config
ac_cv_path_install='/usr/bin/install -c'
ac_cv_prog_CPP='gcc -E'
ac_cv_prog_CXXCPP='g++ -E'
ac_cv_prog_ac_ct_AR=ar
ac_cv_prog_ac_ct_CC=gcc
ac_cv_prog_ac_ct_CXX=g++
ac_cv_prog_ac_ct_RANLIB=ranlib
ac_cv_prog_ac_ct_STRIP=strip
ac_cv_prog_cc_g=yes
ac_cv_prog_cc_stdc=
ac_cv_prog_cxx_g=yes
ac_cv_prog_egrep='grep -E'
ac_cv_prog_f77_g=no
ac_cv_prog_make_make_set=yes
am_cv_prog_cc_stdc=
lt_cv_deplibs_check_method=pass_all
lt_cv_file_magic_cmd='$MAGIC_CMD'
lt_cv_file_magic_test_file=
lt_cv_ld_reload_flag=-r
lt_cv_objdir=.libs
lt_cv_path_LD=/usr/bin/ld
lt_cv_path_LDCXX=/usr/bin/ld
lt_cv_path_NM='/usr/bin/nm -B'
lt_cv_path_SED=/bin/sed
lt_cv_prog_compiler_c_o=yes
lt_cv_prog_compiler_c_o_CXX=yes
lt_cv_prog_compiler_rtti_exceptions=no
lt_cv_prog_gnu_ld=yes
lt_cv_prog_gnu_ldcxx=yes
lt_cv_sys_global_symbol_pipe='sed -n -e '\''s/^.*[ 	]\([ABCDGIRSTW][ABCDGIRSTW]*\)[ 	][ 	]*\(\)\([_A-Za-z][_A-Za-z0-9]*\)$/\1 \2\3 \3/p'\'''
lt_cv_sys_global_symbol_to_c_name_address='sed -n -e '\''s/^: \([^ ]*\) $/  {\"\1\", (lt_ptr) 0},/p'\'' -e '\''s/^[BCDEGRST] \([^ ]*\) \([^ ]*\)$/  {"\2", (lt_ptr) \&\2},/p'\'''
lt_cv_sys_global_symbol_to_cdecl='sed -n -e '\''s/^. .* \(.*\)$/extern int \1;/p'\'''
lt_cv_sys_max_cmd_len=32768
lt_lt_cv_prog_compiler_c_o='"yes"'
lt_lt_cv_prog_compiler_c_o_CXX='"yes"'
lt_lt_cv_sys_global_symbol_pipe='"sed -n -e '\''s/^.*[ 	]\\([ABCDGIRSTW][ABCDGIRSTW]*\\)[ 	][ 	]*\\(\\)\\([_A-Za-z][_A-Za-z0-9]*\\)\$/\\1 \\2\\3 \\3/p'\''"'
lt_lt_cv_sys_global_symbol_to_c_name_address='"sed -n -e '\''s/^: \\([^ ]*\\) \$/  {\\\"\\1\\\", (lt_ptr) 0},/p'\'' -e '\''s/^[BCDEGRST] \\([^ ]*\\) \\([^ ]*\\)\$/  {\"\\2\", (lt_ptr) \\&\\2},/p'\''"'
lt_lt_cv_sys_global_symbol_to_cdecl='"sed -n -e '\''s/^. .* \\(.*\\)\$/extern int \\1;/p'\''"'
pkg_cv_PACKAGE_CFLAGS='-DXTHREADS -I/usr/include/gtk-2.0 -I/usr/lib/gtk-2.0/include -I/usr/X11R6/include -I/usr/include/atk-1.0 -I/usr/include/pango-1.0 -I/usr/include/freetype2 -I/usr/include/glib-2.0 -I/usr/lib/glib-2.0/include -I/usr/include/libwnck-1.0  '
pkg_cv_PACKAGE_LIBS='-lwnck-1 -lgtk-x11-2.0 -lgdk-x11-2.0 -latk-1.0 -lgdk_pixbuf-2.0 -lm -lpangoxft-1.0 -lpangox-1.0 -lpangoft2-1.0 -lpango-1.0 -lgobject-2.0 -lgmodule-2.0 -ldl -lglib-2.0  '
pkg_cv_WNCK_CFLAGS='-DXTHREADS -I/usr/include/libwnck-1.0 -I/usr/include/gtk-2.0 -I/usr/lib/gtk-2.0/include -I/usr/X11R6/include -I/usr/include/atk-1.0 -I/usr/include/pango-1.0 -I/usr/include/freetype2 -I/usr/include/glib-2.0 -I/usr/lib/glib-2.0/include  '
pkg_cv_WNCK_LIBS='-lwnck-1 -lgtk-x11-2.0 -lgdk-x11-2.0 -latk-1.0 -lgdk_pixbuf-2.0 -lm -lpangoxft-1.0 -lpangox-1.0 -lpangoft2-1.0 -lpango-1.0 -lgobject-2.0 -lgmodule-2.0 -ldl -lglib-2.0  '

## ----------------- ##
## Output variables. ##
## ----------------- ##

ACLOCAL='aclocal-1.4'
AR='ar'
AUTOCONF='autoconf'
AUTOHEADER='autoheader'
AUTOMAKE='automake-1.4'
CC='gcc'
CFLAGS='-g -O2'
CPP='gcc -E'
CPPFLAGS=''
CXX='g++'
CXXCPP='g++ -E'
CXXFLAGS='-g -O2'
DEFS='-DHAVE_CONFIG_H'
ECHO='echo'
ECHO_C=''
ECHO_N='-n'
ECHO_T=''
EGREP='grep -E'
EXEEXT=''
F77=''
FFLAGS=''
INSTALL_DATA='${INSTALL} -m 644'
INSTALL_PROGRAM='${INSTALL}'
INSTALL_SCRIPT='${INSTALL}'
LDFLAGS=''
LIBOBJS=''
LIBS=''
LIBTOOL='$(SHELL) $(top_builddir)/libtool'
LN_S='ln -s'
LTLIBOBJS=''
MAKEINFO='makeinfo'
NO_PREFIX_PACKAGE_DATA_DIR='share'
NO_PREFIX_PACKAGE_DOC_DIR='doc/gkey'
NO_PREFIX_PACKAGE_HELP_DIR='share/help'
NO_PREFIX_PACKAGE_MENU_DIR='share'
NO_PREFIX_PACKAGE_PIXMAPS_DIR='share/pixmaps'
OBJEXT='o'
PACKAGE='gkey'
PACKAGE_BUGREPORT=''
PACKAGE_CFLAGS='-DXTHREADS -I/usr/include/gtk-2.0 -I/usr/lib/gtk-2.0/include -I/usr/X11R6/include -I/usr/include/atk-1.0 -I/usr/include/pango-1.0 -I/usr/include/freetype2 -I/usr/include/glib-2.0 -I/usr/lib/glib-2.0/include -I/usr/include/libwnck-1.0  '
PACKAGE_DATA_DIR='/usr/local/share'
PACKAGE_DOC_DIR='/usr/local/doc/gkey'
PACKAGE_HELP_DIR='/usr/local/share/help'
PACKAGE_LIBS='-lwnck-1 -lgtk-x11-2.0 -lgdk-x11-2.0 -latk-1.0 -lgdk_pixbuf-2.0 -lm -lpangoxft-1.0 -lpangox-1.0 -lpangoft2-1.0 -lpango-1.0 -lgobject-2.0 -lgmodule-2.0 -ldl -lglib-2.0  '
PACKAGE_MENU_DIR='/usr/local/share'
PACKAGE_NAME=''
PACKAGE_PIXMAPS_DIR='/usr/local/share/pixmaps'
PACKAGE_STRING=''
PACKAGE_TARNAME=''
PACKAGE_VERSION=''
PATH_SEPARATOR=':'
PKG_CONFIG='/usr/bin/pkg-config'
RANLIB='ranlib'
SET_MAKE=''
SHELL='/bin/sh'
STRIP='strip'
VERSION='0.1'
WNCK_CFLAGS='-DXTHREADS -I/usr/include/libwnck-1.0 -I/usr/include/gtk-2.0 -I/usr/lib/gtk-2.0/include -I/usr/X11R6/include -I/usr/include/atk-1.0 -I/usr/include/pango-1.0 -I/usr/include/freetype2 -I/usr/include/glib-2.0 -I/usr/lib/glib-2.0/include  '
WNCK_LIBS='-lwnck-1 -lgtk-x11-2.0 -lgdk-x11-2.0 -latk-1.0 -lgdk_pixbuf-2.0 -lm -lpangoxft-1.0 -lpangox-1.0 -lpangoft2-1.0 -lpango-1.0 -lgobject-2.0 -lgmodule-2.0 -ldl -lglib-2.0  '
ac_ct_AR='ar'
ac_ct_CC='gcc'
ac_ct_CXX='g++'
ac_ct_F77=''
ac_ct_RANLIB='ranlib'
ac_ct_STRIP='strip'
ac_pt_PKG_CONFIG='/usr/bin/pkg-config'
bindir='${exec_prefix}/bin'
build='i686-pc-linux-gnu'
build_alias=''
build_cpu='i686'
build_os='linux-gnu'
build_vendor='pc'
datadir='${prefix}/share'
exec_prefix='${prefix}'
host='i686-pc-linux-gnu'
host_alias=''
host_cpu='i686'
host_os='linux-gnu'
host_vendor='pc'
includedir='${prefix}/include'
infodir='${prefix}/info'
libdir='${exec_prefix}/lib'
libexecdir='${exec_prefix}/libexec'
localstatedir='${prefix}/var'
mandir='${prefix}/man'
oldincludedir='/usr/include'
prefix='/usr/local'
program_transform_name='s,x,x,'
sbindir='${exec_prefix}/sbin'
sharedstatedir='${prefix}/com'
sysconfdir='${prefix}/etc'
target_alias=''

## ----------- ##
## confdefs.h. ##
## ----------- ##

#define HAVE_DLFCN_H 1
#define HAVE_INTTYPES_H 1
#define HAVE_MEMORY_H 1
#define HAVE_REGCOMP 1
#define HAVE_REGEXEC 1
#define HAVE_REGEX_H 1
#define HAVE_REGFREE 1
#define HAVE_STDINT_H 1
#define HAVE_STDLIB_H 1
#define HAVE_STRINGS_H 1
#define HAVE_STRING_H 1
#define HAVE_SYS_STAT_H 1
#define HAVE_SYS_TYPES_H 1
#define HAVE_SYS_TYPES_H 1
#define HAVE_UNISTD_H 1
#define NEED_TIMESTAMPS 1
#define PACKAGE "gkey"
#define PACKAGE_BUGREPORT ""
#define PACKAGE_DATA_DIR "/usr/local/share"
#define PACKAGE_DOC_DIR "/usr/local/doc/gkey"
#define PACKAGE_HELP_DIR "/usr/local/share/help"
#define PACKAGE_LOCALE_DIR "/usr/local//locale"
#define PACKAGE_MENU_DIR "/usr/local/share"
#define PACKAGE_NAME ""
#define PACKAGE_PIXMAPS_DIR "/usr/local/share/pixmaps"
#define PACKAGE_SOURCE_DIR "/home/nohar/code/gnome/gkey"
#define PACKAGE_STRING ""
#define PACKAGE_TARNAME ""
#define PACKAGE_VERSION ""
#define STDC_HEADERS 1
#define VERSION "0.1"
#endif
#ifdef __cplusplus
extern "C" void std::exit (int) throw (); using std::exit;

configure: exit 0

## ---------------------- ##
## Running config.status. ##
## ---------------------- ##

This file was extended by config.status, which was
generated by GNU Autoconf 2.59.  Invocation command line was

  CONFIG_FILES    = 
  CONFIG_HEADERS  = config.h
  CONFIG_LINKS    = 
  CONFIG_COMMANDS = 
  $ ./config.status 

on laoshi

config.status:815: creating config.h
config.status:1107: executing default-1 commands
